28 Nov 2022 14:57:42,322 TestNG-tests-1 - Running on Environment: PROD env....
28 Nov 2022 14:57:42,323 TestNG-tests-1 - browser name : chrome and browserversion: 90
28 Nov 2022 14:57:42,324 TestNG-tests-1 - running test on local
28 Nov 2022 14:57:47,185 TestNG-tests-1 - Couldn't find template in cache for "spark/spark.spa.ftl"("en_AU", UTF-8, parsed); will try to load it.
28 Nov 2022 14:57:47,186 TestNG-tests-1 - TemplateLoader.findTemplateSource("spark/spark.spa_en_AU.ftl"): Not found
28 Nov 2022 14:57:47,187 TestNG-tests-1 - TemplateLoader.findTemplateSource("spark/spark.spa_en.ftl"): Not found
28 Nov 2022 14:57:47,187 TestNG-tests-1 - TemplateLoader.findTemplateSource("spark/spark.spa.ftl"): Found
28 Nov 2022 14:57:47,187 TestNG-tests-1 - Loading template for "spark/spark.spa.ftl"("en_AU", UTF-8, parsed) from "jar:file:/Users/lrl/.m2/repository/com/aventstack/extentreports/5.0.8/extentreports-5.0.8.jar!/com/aventstack/extentreports/templates/spark/spark.spa.ftl"
28 Nov 2022 14:57:47,247 TestNG-tests-1 - Couldn't find template in cache for "commons/commons-variables.ftl"("en_AU", UTF-8, parsed); will try to load it.
28 Nov 2022 14:57:47,247 TestNG-tests-1 - TemplateLoader.findTemplateSource("commons/commons-variables_en_AU.ftl"): Not found
28 Nov 2022 14:57:47,248 TestNG-tests-1 - TemplateLoader.findTemplateSource("commons/commons-variables_en.ftl"): Not found
28 Nov 2022 14:57:47,248 TestNG-tests-1 - TemplateLoader.findTemplateSource("commons/commons-variables.ftl"): Found
28 Nov 2022 14:57:47,248 TestNG-tests-1 - Loading template for "commons/commons-variables.ftl"("en_AU", UTF-8, parsed) from "jar:file:/Users/lrl/.m2/repository/com/aventstack/extentreports/5.0.8/extentreports-5.0.8.jar!/com/aventstack/extentreports/templates/commons/commons-variables.ftl"
28 Nov 2022 14:57:47,324 TestNG-tests-1 - Couldn't find template in cache for "commons/commons-macros.ftl"("en_AU", UTF-8, parsed); will try to load it.
28 Nov 2022 14:57:47,325 TestNG-tests-1 - TemplateLoader.findTemplateSource("commons/commons-macros_en_AU.ftl"): Not found
28 Nov 2022 14:57:47,325 TestNG-tests-1 - TemplateLoader.findTemplateSource("commons/commons-macros_en.ftl"): Not found
28 Nov 2022 14:57:47,325 TestNG-tests-1 - TemplateLoader.findTemplateSource("commons/commons-macros.ftl"): Found
28 Nov 2022 14:57:47,325 TestNG-tests-1 - Loading template for "commons/commons-macros.ftl"("en_AU", UTF-8, parsed) from "jar:file:/Users/lrl/.m2/repository/com/aventstack/extentreports/5.0.8/extentreports-5.0.8.jar!/com/aventstack/extentreports/templates/commons/commons-macros.ftl"
28 Nov 2022 14:57:47,335 TestNG-tests-1 - Couldn't find template in cache for "spark/macros/attributes.ftl"("en_AU", UTF-8, parsed); will try to load it.
28 Nov 2022 14:57:47,335 TestNG-tests-1 - TemplateLoader.findTemplateSource("spark/macros/attributes_en_AU.ftl"): Not found
28 Nov 2022 14:57:47,335 TestNG-tests-1 - TemplateLoader.findTemplateSource("spark/macros/attributes_en.ftl"): Not found
28 Nov 2022 14:57:47,335 TestNG-tests-1 - TemplateLoader.findTemplateSource("spark/macros/attributes.ftl"): Found
28 Nov 2022 14:57:47,335 TestNG-tests-1 - Loading template for "spark/macros/attributes.ftl"("en_AU", UTF-8, parsed) from "jar:file:/Users/lrl/.m2/repository/com/aventstack/extentreports/5.0.8/extentreports-5.0.8.jar!/com/aventstack/extentreports/templates/spark/macros/attributes.ftl"
28 Nov 2022 14:57:47,336 TestNG-tests-1 - Couldn't find template in cache for "spark/macros/log.ftl"("en_AU", UTF-8, parsed); will try to load it.
28 Nov 2022 14:57:47,336 TestNG-tests-1 - TemplateLoader.findTemplateSource("spark/macros/log_en_AU.ftl"): Not found
28 Nov 2022 14:57:47,337 TestNG-tests-1 - TemplateLoader.findTemplateSource("spark/macros/log_en.ftl"): Not found
28 Nov 2022 14:57:47,337 TestNG-tests-1 - TemplateLoader.findTemplateSource("spark/macros/log.ftl"): Found
28 Nov 2022 14:57:47,337 TestNG-tests-1 - Loading template for "spark/macros/log.ftl"("en_AU", UTF-8, parsed) from "jar:file:/Users/lrl/.m2/repository/com/aventstack/extentreports/5.0.8/extentreports-5.0.8.jar!/com/aventstack/extentreports/templates/spark/macros/log.ftl"
28 Nov 2022 14:57:47,339 TestNG-tests-1 - Couldn't find template in cache for "spark/macros/recurse_nodes.ftl"("en_AU", UTF-8, parsed); will try to load it.
28 Nov 2022 14:57:47,340 TestNG-tests-1 - TemplateLoader.findTemplateSource("spark/macros/recurse_nodes_en_AU.ftl"): Not found
28 Nov 2022 14:57:47,340 TestNG-tests-1 - TemplateLoader.findTemplateSource("spark/macros/recurse_nodes_en.ftl"): Not found
28 Nov 2022 14:57:47,340 TestNG-tests-1 - TemplateLoader.findTemplateSource("spark/macros/recurse_nodes.ftl"): Found
28 Nov 2022 14:57:47,340 TestNG-tests-1 - Loading template for "spark/macros/recurse_nodes.ftl"("en_AU", UTF-8, parsed) from "jar:file:/Users/lrl/.m2/repository/com/aventstack/extentreports/5.0.8/extentreports-5.0.8.jar!/com/aventstack/extentreports/templates/spark/macros/recurse_nodes.ftl"
28 Nov 2022 14:57:47,343 TestNG-tests-1 - "spark/macros/log.ftl"("en_AU", UTF-8, parsed) cached copy not yet stale; using cached.
28 Nov 2022 14:57:47,343 TestNG-tests-1 - Couldn't find template in cache for "spark/macros/attr-common.ftl"("en_AU", UTF-8, parsed); will try to load it.
28 Nov 2022 14:57:47,343 TestNG-tests-1 - TemplateLoader.findTemplateSource("spark/macros/attr-common_en_AU.ftl"): Not found
28 Nov 2022 14:57:47,343 TestNG-tests-1 - TemplateLoader.findTemplateSource("spark/macros/attr-common_en.ftl"): Not found
28 Nov 2022 14:57:47,343 TestNG-tests-1 - TemplateLoader.findTemplateSource("spark/macros/attr-common.ftl"): Found
28 Nov 2022 14:57:47,343 TestNG-tests-1 - Loading template for "spark/macros/attr-common.ftl"("en_AU", UTF-8, parsed) from "jar:file:/Users/lrl/.m2/repository/com/aventstack/extentreports/5.0.8/extentreports-5.0.8.jar!/com/aventstack/extentreports/templates/spark/macros/attr-common.ftl"
28 Nov 2022 14:57:47,349 TestNG-tests-1 - Couldn't find template in cache for "spark/partials/head.ftl"("en_AU", UTF-8, parsed); will try to load it.
28 Nov 2022 14:57:47,349 TestNG-tests-1 - TemplateLoader.findTemplateSource("spark/partials/head_en_AU.ftl"): Not found
28 Nov 2022 14:57:47,349 TestNG-tests-1 - TemplateLoader.findTemplateSource("spark/partials/head_en.ftl"): Not found
28 Nov 2022 14:57:47,349 TestNG-tests-1 - TemplateLoader.findTemplateSource("spark/partials/head.ftl"): Found
28 Nov 2022 14:57:47,349 TestNG-tests-1 - Loading template for "spark/partials/head.ftl"("en_AU", UTF-8, parsed) from "jar:file:/Users/lrl/.m2/repository/com/aventstack/extentreports/5.0.8/extentreports-5.0.8.jar!/com/aventstack/extentreports/templates/spark/partials/head.ftl"
28 Nov 2022 14:57:47,351 TestNG-tests-1 - Couldn't find template in cache for "commons/commons-inject-css.ftl"("en_AU", UTF-8, parsed); will try to load it.
28 Nov 2022 14:57:47,351 TestNG-tests-1 - TemplateLoader.findTemplateSource("commons/commons-inject-css_en_AU.ftl"): Not found
28 Nov 2022 14:57:47,352 TestNG-tests-1 - TemplateLoader.findTemplateSource("commons/commons-inject-css_en.ftl"): Not found
28 Nov 2022 14:57:47,352 TestNG-tests-1 - TemplateLoader.findTemplateSource("commons/commons-inject-css.ftl"): Found
28 Nov 2022 14:57:47,352 TestNG-tests-1 - Loading template for "commons/commons-inject-css.ftl"("en_AU", UTF-8, parsed) from "jar:file:/Users/lrl/.m2/repository/com/aventstack/extentreports/5.0.8/extentreports-5.0.8.jar!/com/aventstack/extentreports/templates/commons/commons-inject-css.ftl"
28 Nov 2022 14:57:47,352 TestNG-tests-1 - Couldn't find template in cache for "spark/partials/navbar.ftl"("en_AU", UTF-8, parsed); will try to load it.
28 Nov 2022 14:57:47,352 TestNG-tests-1 - TemplateLoader.findTemplateSource("spark/partials/navbar_en_AU.ftl"): Not found
28 Nov 2022 14:57:47,353 TestNG-tests-1 - TemplateLoader.findTemplateSource("spark/partials/navbar_en.ftl"): Not found
28 Nov 2022 14:57:47,353 TestNG-tests-1 - TemplateLoader.findTemplateSource("spark/partials/navbar.ftl"): Found
28 Nov 2022 14:57:47,353 TestNG-tests-1 - Loading template for "spark/partials/navbar.ftl"("en_AU", UTF-8, parsed) from "jar:file:/Users/lrl/.m2/repository/com/aventstack/extentreports/5.0.8/extentreports-5.0.8.jar!/com/aventstack/extentreports/templates/spark/partials/navbar.ftl"
28 Nov 2022 14:57:47,358 TestNG-tests-1 - Couldn't find template in cache for "spark/partials/sidenav.ftl"("en_AU", UTF-8, parsed); will try to load it.
28 Nov 2022 14:57:47,358 TestNG-tests-1 - TemplateLoader.findTemplateSource("spark/partials/sidenav_en_AU.ftl"): Not found
28 Nov 2022 14:57:47,358 TestNG-tests-1 - TemplateLoader.findTemplateSource("spark/partials/sidenav_en.ftl"): Not found
28 Nov 2022 14:57:47,358 TestNG-tests-1 - TemplateLoader.findTemplateSource("spark/partials/sidenav.ftl"): Found
28 Nov 2022 14:57:47,359 TestNG-tests-1 - Loading template for "spark/partials/sidenav.ftl"("en_AU", UTF-8, parsed) from "jar:file:/Users/lrl/.m2/repository/com/aventstack/extentreports/5.0.8/extentreports-5.0.8.jar!/com/aventstack/extentreports/templates/spark/partials/sidenav.ftl"
28 Nov 2022 14:57:47,367 TestNG-tests-1 - Couldn't find template in cache for "spark/partials/test.ftl"("en_AU", UTF-8, parsed); will try to load it.
28 Nov 2022 14:57:47,368 TestNG-tests-1 - TemplateLoader.findTemplateSource("spark/partials/test_en_AU.ftl"): Not found
28 Nov 2022 14:57:47,368 TestNG-tests-1 - TemplateLoader.findTemplateSource("spark/partials/test_en.ftl"): Not found
28 Nov 2022 14:57:47,368 TestNG-tests-1 - TemplateLoader.findTemplateSource("spark/partials/test.ftl"): Found
28 Nov 2022 14:57:47,368 TestNG-tests-1 - Loading template for "spark/partials/test.ftl"("en_AU", UTF-8, parsed) from "jar:file:/Users/lrl/.m2/repository/com/aventstack/extentreports/5.0.8/extentreports-5.0.8.jar!/com/aventstack/extentreports/templates/spark/partials/test.ftl"
28 Nov 2022 14:57:47,383 TestNG-tests-1 - Couldn't find template in cache for "spark/partials/standard-content.ftl"("en_AU", UTF-8, parsed); will try to load it.
28 Nov 2022 14:57:47,383 TestNG-tests-1 - TemplateLoader.findTemplateSource("spark/partials/standard-content_en_AU.ftl"): Not found
28 Nov 2022 14:57:47,383 TestNG-tests-1 - TemplateLoader.findTemplateSource("spark/partials/standard-content_en.ftl"): Not found
28 Nov 2022 14:57:47,383 TestNG-tests-1 - TemplateLoader.findTemplateSource("spark/partials/standard-content.ftl"): Found
28 Nov 2022 14:57:47,383 TestNG-tests-1 - Loading template for "spark/partials/standard-content.ftl"("en_AU", UTF-8, parsed) from "jar:file:/Users/lrl/.m2/repository/com/aventstack/extentreports/5.0.8/extentreports-5.0.8.jar!/com/aventstack/extentreports/templates/spark/partials/standard-content.ftl"
28 Nov 2022 14:57:47,386 TestNG-tests-1 - Couldn't find template in cache for "spark/partials/exception.ftl"("en_AU", UTF-8, parsed); will try to load it.
28 Nov 2022 14:57:47,386 TestNG-tests-1 - TemplateLoader.findTemplateSource("spark/partials/exception_en_AU.ftl"): Not found
28 Nov 2022 14:57:47,386 TestNG-tests-1 - TemplateLoader.findTemplateSource("spark/partials/exception_en.ftl"): Not found
28 Nov 2022 14:57:47,386 TestNG-tests-1 - TemplateLoader.findTemplateSource("spark/partials/exception.ftl"): Found
28 Nov 2022 14:57:47,386 TestNG-tests-1 - Loading template for "spark/partials/exception.ftl"("en_AU", UTF-8, parsed) from "jar:file:/Users/lrl/.m2/repository/com/aventstack/extentreports/5.0.8/extentreports-5.0.8.jar!/com/aventstack/extentreports/templates/spark/partials/exception.ftl"
28 Nov 2022 14:57:47,387 TestNG-tests-1 - Couldn't find template in cache for "spark/partials/category.ftl"("en_AU", UTF-8, parsed); will try to load it.
28 Nov 2022 14:57:47,387 TestNG-tests-1 - TemplateLoader.findTemplateSource("spark/partials/category_en_AU.ftl"): Not found
28 Nov 2022 14:57:47,387 TestNG-tests-1 - TemplateLoader.findTemplateSource("spark/partials/category_en.ftl"): Not found
28 Nov 2022 14:57:47,387 TestNG-tests-1 - TemplateLoader.findTemplateSource("spark/partials/category.ftl"): Found
28 Nov 2022 14:57:47,387 TestNG-tests-1 - Loading template for "spark/partials/category.ftl"("en_AU", UTF-8, parsed) from "jar:file:/Users/lrl/.m2/repository/com/aventstack/extentreports/5.0.8/extentreports-5.0.8.jar!/com/aventstack/extentreports/templates/spark/partials/category.ftl"
28 Nov 2022 14:57:47,389 TestNG-tests-1 - Couldn't find template in cache for "spark/partials/device.ftl"("en_AU", UTF-8, parsed); will try to load it.
28 Nov 2022 14:57:47,390 TestNG-tests-1 - TemplateLoader.findTemplateSource("spark/partials/device_en_AU.ftl"): Not found
28 Nov 2022 14:57:47,390 TestNG-tests-1 - TemplateLoader.findTemplateSource("spark/partials/device_en.ftl"): Not found
28 Nov 2022 14:57:47,390 TestNG-tests-1 - TemplateLoader.findTemplateSource("spark/partials/device.ftl"): Found
28 Nov 2022 14:57:47,390 TestNG-tests-1 - Loading template for "spark/partials/device.ftl"("en_AU", UTF-8, parsed) from "jar:file:/Users/lrl/.m2/repository/com/aventstack/extentreports/5.0.8/extentreports-5.0.8.jar!/com/aventstack/extentreports/templates/spark/partials/device.ftl"
28 Nov 2022 14:57:47,390 TestNG-tests-1 - Couldn't find template in cache for "spark/partials/author.ftl"("en_AU", UTF-8, parsed); will try to load it.
28 Nov 2022 14:57:47,391 TestNG-tests-1 - TemplateLoader.findTemplateSource("spark/partials/author_en_AU.ftl"): Not found
28 Nov 2022 14:57:47,391 TestNG-tests-1 - TemplateLoader.findTemplateSource("spark/partials/author_en.ftl"): Not found
28 Nov 2022 14:57:47,391 TestNG-tests-1 - TemplateLoader.findTemplateSource("spark/partials/author.ftl"): Found
28 Nov 2022 14:57:47,391 TestNG-tests-1 - Loading template for "spark/partials/author.ftl"("en_AU", UTF-8, parsed) from "jar:file:/Users/lrl/.m2/repository/com/aventstack/extentreports/5.0.8/extentreports-5.0.8.jar!/com/aventstack/extentreports/templates/spark/partials/author.ftl"
28 Nov 2022 14:57:47,392 TestNG-tests-1 - Couldn't find template in cache for "spark/partials/log.ftl"("en_AU", UTF-8, parsed); will try to load it.
28 Nov 2022 14:57:47,392 TestNG-tests-1 - TemplateLoader.findTemplateSource("spark/partials/log_en_AU.ftl"): Not found
28 Nov 2022 14:57:47,392 TestNG-tests-1 - TemplateLoader.findTemplateSource("spark/partials/log_en.ftl"): Not found
28 Nov 2022 14:57:47,392 TestNG-tests-1 - TemplateLoader.findTemplateSource("spark/partials/log.ftl"): Found
28 Nov 2022 14:57:47,392 TestNG-tests-1 - Loading template for "spark/partials/log.ftl"("en_AU", UTF-8, parsed) from "jar:file:/Users/lrl/.m2/repository/com/aventstack/extentreports/5.0.8/extentreports-5.0.8.jar!/com/aventstack/extentreports/templates/spark/partials/log.ftl"
28 Nov 2022 14:57:47,393 TestNG-tests-1 - Couldn't find template in cache for "spark/partials/dashboard.ftl"("en_AU", UTF-8, parsed); will try to load it.
28 Nov 2022 14:57:47,393 TestNG-tests-1 - TemplateLoader.findTemplateSource("spark/partials/dashboard_en_AU.ftl"): Not found
28 Nov 2022 14:57:47,393 TestNG-tests-1 - TemplateLoader.findTemplateSource("spark/partials/dashboard_en.ftl"): Not found
28 Nov 2022 14:57:47,393 TestNG-tests-1 - TemplateLoader.findTemplateSource("spark/partials/dashboard.ftl"): Found
28 Nov 2022 14:57:47,393 TestNG-tests-1 - Loading template for "spark/partials/dashboard.ftl"("en_AU", UTF-8, parsed) from "jar:file:/Users/lrl/.m2/repository/com/aventstack/extentreports/5.0.8/extentreports-5.0.8.jar!/com/aventstack/extentreports/templates/spark/partials/dashboard.ftl"
28 Nov 2022 14:57:47,451 TestNG-tests-1 - Couldn't find template in cache for "spark/partials/scripts.ftl"("en_AU", UTF-8, parsed); will try to load it.
28 Nov 2022 14:57:47,452 TestNG-tests-1 - TemplateLoader.findTemplateSource("spark/partials/scripts_en_AU.ftl"): Not found
28 Nov 2022 14:57:47,452 TestNG-tests-1 - TemplateLoader.findTemplateSource("spark/partials/scripts_en.ftl"): Not found
28 Nov 2022 14:57:47,452 TestNG-tests-1 - TemplateLoader.findTemplateSource("spark/partials/scripts.ftl"): Found
28 Nov 2022 14:57:47,452 TestNG-tests-1 - Loading template for "spark/partials/scripts.ftl"("en_AU", UTF-8, parsed) from "jar:file:/Users/lrl/.m2/repository/com/aventstack/extentreports/5.0.8/extentreports-5.0.8.jar!/com/aventstack/extentreports/templates/spark/partials/scripts.ftl"
28 Nov 2022 14:57:47,454 TestNG-tests-1 - Couldn't find template in cache for "commons/commons-inject-js.ftl"("en_AU", UTF-8, parsed); will try to load it.
28 Nov 2022 14:57:47,454 TestNG-tests-1 - TemplateLoader.findTemplateSource("commons/commons-inject-js_en_AU.ftl"): Not found
28 Nov 2022 14:57:47,455 TestNG-tests-1 - TemplateLoader.findTemplateSource("commons/commons-inject-js_en.ftl"): Not found
28 Nov 2022 14:57:47,455 TestNG-tests-1 - TemplateLoader.findTemplateSource("commons/commons-inject-js.ftl"): Found
28 Nov 2022 14:57:47,455 TestNG-tests-1 - Loading template for "commons/commons-inject-js.ftl"("en_AU", UTF-8, parsed) from "jar:file:/Users/lrl/.m2/repository/com/aventstack/extentreports/5.0.8/extentreports-5.0.8.jar!/com/aventstack/extentreports/templates/commons/commons-inject-js.ftl"
